<?xml version="1.0" encoding="UTF-8"?>
<!-- Generated by org.testng.reporters.JUnitXMLReporter -->
<testsuite ignored="0" hostname="DESKTOP-VVCV6V4" failures="1" tests="1" name="Stand Alone Test" time="10.543" errors="0" timestamp="2026-06-07T14:08:01 IST">
  <testcase classname="rahulshettyacademy.pageobjects.StandAloneTest" name="submitOrder" time="5.075">
    <failure type="java.lang.AssertionError" message="expected [true] but found [false]">
      <![CDATA[java.lang.AssertionError: expected [true] but found [false]
at rahulshettyacademy.pageobjects.StandAloneTest.submitOrder(StandAloneTest.java:45)
at java.base/java.util.ArrayList.forEach(ArrayList.java:1604)
... Removed 29 stack frames]]>
    </failure>
  </testcase> <!-- submitOrder -->
</testsuite> <!-- Stand Alone Test -->
