<?xml version="1.0" encoding="UTF-8"?>
<testng-results ignored="0" total="1" passed="1" failed="0" skipped="0">
  <reporter-output>
  </reporter-output>
  <suite started-at="2026-08-11T19:23:28 IST" name="Default suite" finished-at="2026-08-11T19:23:37 IST" duration-ms="9745">
    <groups>
    </groups>
    <test started-at="2026-08-11T19:23:28 IST" name="Default test" finished-at="2026-08-11T19:23:37 IST" duration-ms="9745">
      <class name="ExtentReportsDemo">
        <test-method is-config="true" signature="config()[pri:0, instance:ExtentReportsDemo@5b239d7d]" started-at="2026-08-11T19:23:28 IST" name="config" finished-at="2026-08-11T19:23:28 IST" duration-ms="317" status="PASS">
          <reporter-output>
          </reporter-output>
        </test-method> <!-- config -->
        <test-method signature="initialDemo()[pri:0, instance:ExtentReportsDemo@5b239d7d]" started-at="2026-08-11T19:23:28 IST" name="initialDemo" finished-at="2026-08-11T19:23:37 IST" duration-ms="9387" status="PASS">
          <reporter-output>
          </reporter-output>
        </test-method> <!-- initialDemo -->
      </class> <!-- ExtentReportsDemo -->
    </test> <!-- Default test -->
  </suite> <!-- Default suite -->
</testng-results>
